[2020-11-27T01:49:19.510235+00:00] log.DEBUG: SELECT `Per_EmployeeType_id` AS `lf`, `Per_EmployeeType_name` AS `df`, '' AS `df2`, '' AS `df3`, '' AS `df4` FROM `per_employeetype` [] []
[2020-11-27T01:49:19.658331+00:00] log.DEBUG: SELECT `Per_Type_id` AS `lf`, `Per_Type_name` AS `df`, '' AS `df2`, '' AS `df3`, '' AS `df4` FROM `per_type` [] []
[2020-11-27T01:49:19.807229+00:00] log.DEBUG: SELECT `Per_Position_id` AS `lf`, `Per_Position_name` AS `df`, '' AS `df2`, '' AS `df3`, '' AS `df4` FROM `per_position` [] []
[2020-11-27T01:49:19.899570+00:00] log.DEBUG: SELECT `Per_Administrative_id` AS `lf`, `Per_Administrative_name` AS `df`, '' AS `df2`, '' AS `df3`, '' AS `df4` FROM `per_administrative` [] []
[2020-11-27T01:49:19.988930+00:00] log.DEBUG: SELECT `Per_Academic_id` AS `lf`, `Per_Academic_name` AS `df`, '' AS `df2`, '' AS `df3`, '' AS `df4` FROM `per_academic` [] []
[2020-11-27T01:49:20.064988+00:00] log.DEBUG: SELECT `Per_WorkStatus_id` AS `lf`, `Per_WorkStatus_name` AS `df`, '' AS `df2`, '' AS `df3`, '' AS `df4` FROM `per_workstatus` [] []
[2020-11-27T01:49:20.131434+00:00] log.DEBUG: SELECT `Per_Nationality_id` AS `lf`, `Per_Nationality_name` AS `df`, '' AS `df2`, '' AS `df3`, '' AS `df4` FROM `per_nationality` [] []
[2020-11-27T01:49:20.196655+00:00] log.DEBUG: SELECT `Per_Religion_id` AS `lf`, `Per_Religion_name` AS `df`, '' AS `df2`, '' AS `df3`, '' AS `df4` FROM `per_religion` [] []
[2020-11-27T02:52:07.202139+00:00] log.DEBUG: SELECT `Per_Type_id` AS `lf`, `Per_Type_name` AS `df`, '' AS `df2`, '' AS `df3`, '' AS `df4` FROM `per_type` [] []
[2020-11-27T02:52:07.294359+00:00] log.DEBUG: SELECT `Per_EmployeeType_id` AS `lf`, `Per_EmployeeType_name` AS `df`, '' AS `df2`, '' AS `df3`, '' AS `df4` FROM `per_employeetype` [] []
[2020-11-27T02:52:07.373776+00:00] log.DEBUG: SELECT `Per_Position_id` AS `lf`, `Per_Position_name` AS `df`, '' AS `df2`, '' AS `df3`, '' AS `df4` FROM `per_position` [] []
[2020-11-27T02:52:07.436980+00:00] log.DEBUG: SELECT `Per_Academic_id` AS `lf`, `Per_Academic_name` AS `df`, '' AS `df2`, '' AS `df3`, '' AS `df4` FROM `per_academic` [] []
[2020-11-27T02:52:07.505469+00:00] log.DEBUG: SELECT `Per_Administrative_id` AS `lf`, `Per_Administrative_name` AS `df`, '' AS `df2`, '' AS `df3`, '' AS `df4` FROM `per_administrative` [] []
[2020-11-27T02:52:07.572202+00:00] log.DEBUG: SELECT `Per_WorkStatus_id` AS `lf`, `Per_WorkStatus_name` AS `df`, '' AS `df2`, '' AS `df3`, '' AS `df4` FROM `per_workstatus` [] []
[2020-11-27T02:52:07.646773+00:00] log.DEBUG: SELECT `Per_Nationality_id` AS `lf`, `Per_Nationality_name` AS `df`, '' AS `df2`, '' AS `df3`, '' AS `df4` FROM `per_nationality` [] []
[2020-11-27T02:52:07.703024+00:00] log.DEBUG: SELECT `Per_Religion_id` AS `lf`, `Per_Religion_name` AS `df`, '' AS `df2`, '' AS `df3`, '' AS `df4` FROM `per_religion` [] []
[2020-11-27T03:01:26.063357+00:00] log.DEBUG: SELECT `Per_Type_id` AS `lf`, `Per_Type_name` AS `df`, '' AS `df2`, '' AS `df3`, '' AS `df4` FROM `per_type` [] []
[2020-11-27T03:01:26.167212+00:00] log.DEBUG: SELECT `Per_EmployeeType_id` AS `lf`, `Per_EmployeeType_name` AS `df`, '' AS `df2`, '' AS `df3`, '' AS `df4` FROM `per_employeetype` [] []
[2020-11-27T03:01:26.240441+00:00] log.DEBUG: SELECT `Per_Position_id` AS `lf`, `Per_Position_name` AS `df`, '' AS `df2`, '' AS `df3`, '' AS `df4` FROM `per_position` [] []
[2020-11-27T03:01:26.310218+00:00] log.DEBUG: SELECT `Per_Administrative_id` AS `lf`, `Per_Administrative_name` AS `df`, '' AS `df2`, '' AS `df3`, '' AS `df4` FROM `per_administrative` [] []
[2020-11-27T03:01:26.409349+00:00] log.DEBUG: SELECT `Per_Academic_id` AS `lf`, `Per_Academic_name` AS `df`, '' AS `df2`, '' AS `df3`, '' AS `df4` FROM `per_academic` [] []
[2020-11-27T03:01:26.472336+00:00] log.DEBUG: SELECT `Per_Nationality_id` AS `lf`, `Per_Nationality_name` AS `df`, '' AS `df2`, '' AS `df3`, '' AS `df4` FROM `per_nationality` [] []
[2020-11-27T03:01:26.579751+00:00] log.DEBUG: SELECT `Per_WorkStatus_id` AS `lf`, `Per_WorkStatus_name` AS `df`, '' AS `df2`, '' AS `df3`, '' AS `df4` FROM `per_workstatus` [] []
[2020-11-27T03:01:26.651851+00:00] log.DEBUG: SELECT `Per_Religion_id` AS `lf`, `Per_Religion_name` AS `df`, '' AS `df2`, '' AS `df3`, '' AS `df4` FROM `per_religion` [] []
[2020-11-27T03:02:45.923675+00:00] log.DEBUG: SELECT `Per_Type_id` AS `lf`, `Per_Type_name` AS `df`, '' AS `df2`, '' AS `df3`, '' AS `df4` FROM `per_type` [] []
[2020-11-27T03:02:45.998886+00:00] log.DEBUG: SELECT `Per_EmployeeType_id` AS `lf`, `Per_EmployeeType_name` AS `df`, '' AS `df2`, '' AS `df3`, '' AS `df4` FROM `per_employeetype` [] []
[2020-11-27T03:02:46.065276+00:00] log.DEBUG: SELECT `Per_Administrative_id` AS `lf`, `Per_Administrative_name` AS `df`, '' AS `df2`, '' AS `df3`, '' AS `df4` FROM `per_administrative` [] []
[2020-11-27T03:02:46.129685+00:00] log.DEBUG: SELECT `Per_Academic_id` AS `lf`, `Per_Academic_name` AS `df`, '' AS `df2`, '' AS `df3`, '' AS `df4` FROM `per_academic` [] []
[2020-11-27T03:02:46.187933+00:00] log.DEBUG: SELECT `Per_WorkStatus_id` AS `lf`, `Per_WorkStatus_name` AS `df`, '' AS `df2`, '' AS `df3`, '' AS `df4` FROM `per_workstatus` [] []
[2020-11-27T03:02:46.251779+00:00] log.DEBUG: SELECT `Per_Position_id` AS `lf`, `Per_Position_name` AS `df`, '' AS `df2`, '' AS `df3`, '' AS `df4` FROM `per_position` [] []
[2020-11-27T03:02:46.333339+00:00] log.DEBUG: SELECT `Per_Nationality_id` AS `lf`, `Per_Nationality_name` AS `df`, '' AS `df2`, '' AS `df3`, '' AS `df4` FROM `per_nationality` [] []
[2020-11-27T03:02:46.415426+00:00] log.DEBUG: SELECT `Per_Religion_id` AS `lf`, `Per_Religion_name` AS `df`, '' AS `df2`, '' AS `df3`, '' AS `df4` FROM `per_religion` [] []
[2020-11-27T03:03:34.518164+00:00] log.DEBUG: SELECT `Per_Type_id` AS `lf`, `Per_Type_name` AS `df`, '' AS `df2`, '' AS `df3`, '' AS `df4` FROM `per_type` [] []
[2020-11-27T03:03:34.597237+00:00] log.DEBUG: SELECT `Per_EmployeeType_id` AS `lf`, `Per_EmployeeType_name` AS `df`, '' AS `df2`, '' AS `df3`, '' AS `df4` FROM `per_employeetype` [] []
[2020-11-27T03:03:34.669286+00:00] log.DEBUG: SELECT `Per_Position_id` AS `lf`, `Per_Position_name` AS `df`, '' AS `df2`, '' AS `df3`, '' AS `df4` FROM `per_position` [] []
[2020-11-27T03:03:34.772560+00:00] log.DEBUG: SELECT `Per_Academic_id` AS `lf`, `Per_Academic_name` AS `df`, '' AS `df2`, '' AS `df3`, '' AS `df4` FROM `per_academic` [] []
[2020-11-27T03:03:34.891833+00:00] log.DEBUG: SELECT `Per_WorkStatus_id` AS `lf`, `Per_WorkStatus_name` AS `df`, '' AS `df2`, '' AS `df3`, '' AS `df4` FROM `per_workstatus` [] []
[2020-11-27T03:03:34.981233+00:00] log.DEBUG: SELECT `Per_Administrative_id` AS `lf`, `Per_Administrative_name` AS `df`, '' AS `df2`, '' AS `df3`, '' AS `df4` FROM `per_administrative` [] []
[2020-11-27T03:03:35.064976+00:00] log.DEBUG: SELECT `Per_Nationality_id` AS `lf`, `Per_Nationality_name` AS `df`, '' AS `df2`, '' AS `df3`, '' AS `df4` FROM `per_nationality` [] []
[2020-11-27T03:03:35.148469+00:00] log.DEBUG: SELECT `Per_Religion_id` AS `lf`, `Per_Religion_name` AS `df`, '' AS `df2`, '' AS `df3`, '' AS `df4` FROM `per_religion` [] []
[2020-11-27T03:06:29.336640+00:00] log.DEBUG: SELECT `Per_Type_id` AS `lf`, `Per_Type_name` AS `df`, '' AS `df2`, '' AS `df3`, '' AS `df4` FROM `per_type` [] []
[2020-11-27T03:06:29.445755+00:00] log.DEBUG: SELECT `Per_EmployeeType_id` AS `lf`, `Per_EmployeeType_name` AS `df`, '' AS `df2`, '' AS `df3`, '' AS `df4` FROM `per_employeetype` [] []
[2020-11-27T03:06:29.572140+00:00] log.DEBUG: SELECT `Per_Position_id` AS `lf`, `Per_Position_name` AS `df`, '' AS `df2`, '' AS `df3`, '' AS `df4` FROM `per_position` [] []
[2020-11-27T03:06:29.664821+00:00] log.DEBUG: SELECT `Per_Administrative_id` AS `lf`, `Per_Administrative_name` AS `df`, '' AS `df2`, '' AS `df3`, '' AS `df4` FROM `per_administrative` [] []
[2020-11-27T03:06:29.757078+00:00] log.DEBUG: SELECT `Per_WorkStatus_id` AS `lf`, `Per_WorkStatus_name` AS `df`, '' AS `df2`, '' AS `df3`, '' AS `df4` FROM `per_workstatus` [] []
[2020-11-27T03:06:29.842374+00:00] log.DEBUG: SELECT `Per_Academic_id` AS `lf`, `Per_Academic_name` AS `df`, '' AS `df2`, '' AS `df3`, '' AS `df4` FROM `per_academic` [] []
[2020-11-27T03:06:29.912058+00:00] log.DEBUG: SELECT `Per_Nationality_id` AS `lf`, `Per_Nationality_name` AS `df`, '' AS `df2`, '' AS `df3`, '' AS `df4` FROM `per_nationality` [] []
[2020-11-27T03:06:30.002149+00:00] log.DEBUG: SELECT `Per_Religion_id` AS `lf`, `Per_Religion_name` AS `df`, '' AS `df2`, '' AS `df3`, '' AS `df4` FROM `per_religion` [] []
[2020-11-27T03:07:03.174416+00:00] log.DEBUG: SELECT `Per_Type_id` AS `lf`, `Per_Type_name` AS `df`, '' AS `df2`, '' AS `df3`, '' AS `df4` FROM `per_type` [] []
[2020-11-27T03:07:03.269211+00:00] log.DEBUG: SELECT `Per_EmployeeType_id` AS `lf`, `Per_EmployeeType_name` AS `df`, '' AS `df2`, '' AS `df3`, '' AS `df4` FROM `per_employeetype` [] []
[2020-11-27T03:07:03.337183+00:00] log.DEBUG: SELECT `Per_Position_id` AS `lf`, `Per_Position_name` AS `df`, '' AS `df2`, '' AS `df3`, '' AS `df4` FROM `per_position` [] []
[2020-11-27T03:07:03.407458+00:00] log.DEBUG: SELECT `Per_Academic_id` AS `lf`, `Per_Academic_name` AS `df`, '' AS `df2`, '' AS `df3`, '' AS `df4` FROM `per_academic` [] []
[2020-11-27T03:07:03.485567+00:00] log.DEBUG: SELECT `Per_Administrative_id` AS `lf`, `Per_Administrative_name` AS `df`, '' AS `df2`, '' AS `df3`, '' AS `df4` FROM `per_administrative` [] []
[2020-11-27T03:07:03.552066+00:00] log.DEBUG: SELECT `Per_WorkStatus_id` AS `lf`, `Per_WorkStatus_name` AS `df`, '' AS `df2`, '' AS `df3`, '' AS `df4` FROM `per_workstatus` [] []
[2020-11-27T03:07:03.681165+00:00] log.DEBUG: SELECT `Per_Nationality_id` AS `lf`, `Per_Nationality_name` AS `df`, '' AS `df2`, '' AS `df3`, '' AS `df4` FROM `per_nationality` [] []
[2020-11-27T03:07:03.803778+00:00] log.DEBUG: SELECT `Per_Religion_id` AS `lf`, `Per_Religion_name` AS `df`, '' AS `df2`, '' AS `df3`, '' AS `df4` FROM `per_religion` [] []
[2020-11-27T03:13:21.031256+00:00] log.DEBUG: SELECT `Per_Id` AS `lf`, `Per_Id` AS `df`, `Per_ThaiName` AS `df2`, `Per_ThaiLastName` AS `df3`, '' AS `df4` FROM `01-personnel` [] []
[2020-11-27T03:16:14.693404+00:00] log.DEBUG: SELECT `Per_Id` AS `lf`, `Per_Id` AS `df`, `Per_ThaiName` AS `df2`, `Per_ThaiLastName` AS `df3`, '' AS `df4` FROM `01-personnel` [] []
[2020-11-27T03:16:24.900320+00:00] log.DEBUG: SELECT `Per_Type_id` AS `lf`, `Per_Type_name` AS `df`, '' AS `df2`, '' AS `df3`, '' AS `df4` FROM `per_type` [] []
[2020-11-27T03:16:25.060400+00:00] log.DEBUG: SELECT `Per_EmployeeType_id` AS `lf`, `Per_EmployeeType_name` AS `df`, '' AS `df2`, '' AS `df3`, '' AS `df4` FROM `per_employeetype` [] []
[2020-11-27T03:16:25.160280+00:00] log.DEBUG: SELECT `Per_Position_id` AS `lf`, `Per_Position_name` AS `df`, '' AS `df2`, '' AS `df3`, '' AS `df4` FROM `per_position` [] []
[2020-11-27T03:16:25.234445+00:00] log.DEBUG: SELECT `Per_Administrative_id` AS `lf`, `Per_Administrative_name` AS `df`, '' AS `df2`, '' AS `df3`, '' AS `df4` FROM `per_administrative` [] []
[2020-11-27T03:16:25.310556+00:00] log.DEBUG: SELECT `Per_Academic_id` AS `lf`, `Per_Academic_name` AS `df`, '' AS `df2`, '' AS `df3`, '' AS `df4` FROM `per_academic` [] []
[2020-11-27T03:16:25.406221+00:00] log.DEBUG: SELECT `Per_Nationality_id` AS `lf`, `Per_Nationality_name` AS `df`, '' AS `df2`, '' AS `df3`, '' AS `df4` FROM `per_nationality` [] []
[2020-11-27T03:16:25.514822+00:00] log.DEBUG: SELECT `Per_WorkStatus_id` AS `lf`, `Per_WorkStatus_name` AS `df`, '' AS `df2`, '' AS `df3`, '' AS `df4` FROM `per_workstatus` [] []
[2020-11-27T03:16:25.616305+00:00] log.DEBUG: SELECT `Per_Religion_id` AS `lf`, `Per_Religion_name` AS `df`, '' AS `df2`, '' AS `df3`, '' AS `df4` FROM `per_religion` [] []
[2020-11-27T03:16:30.827013+00:00] log.DEBUG: SELECT `Per_Id` AS `lf`, `Per_Id` AS `df`, `Per_ThaiName` AS `df2`, `Per_ThaiLastName` AS `df3`, '' AS `df4` FROM `01-personnel` [] []
[2020-11-27T03:47:47.205480+00:00] log.DEBUG: SELECT `Per_Type_id` AS `lf`, `Per_Type_name` AS `df`, '' AS `df2`, '' AS `df3`, '' AS `df4` FROM `per_type` [] []
[2020-11-27T03:47:47.345287+00:00] log.DEBUG: SELECT `Per_Academic_id` AS `lf`, `Per_Academic_name` AS `df`, '' AS `df2`, '' AS `df3`, '' AS `df4` FROM `per_academic` [] []
[2020-11-27T03:47:47.503743+00:00] log.DEBUG: SELECT `Per_Position_id` AS `lf`, `Per_Position_name` AS `df`, '' AS `df2`, '' AS `df3`, '' AS `df4` FROM `per_position` [] []
[2020-11-27T03:47:47.681244+00:00] log.DEBUG: SELECT `Per_EmployeeType_id` AS `lf`, `Per_EmployeeType_name` AS `df`, '' AS `df2`, '' AS `df3`, '' AS `df4` FROM `per_employeetype` [] []
[2020-11-27T03:47:47.797309+00:00] log.DEBUG: SELECT `Per_Administrative_id` AS `lf`, `Per_Administrative_name` AS `df`, '' AS `df2`, '' AS `df3`, '' AS `df4` FROM `per_administrative` [] []
[2020-11-27T03:47:47.866401+00:00] log.DEBUG: SELECT `Per_WorkStatus_id` AS `lf`, `Per_WorkStatus_name` AS `df`, '' AS `df2`, '' AS `df3`, '' AS `df4` FROM `per_workstatus` [] []
[2020-11-27T03:47:47.933371+00:00] log.DEBUG: SELECT `Per_Nationality_id` AS `lf`, `Per_Nationality_name` AS `df`, '' AS `df2`, '' AS `df3`, '' AS `df4` FROM `per_nationality` [] []
[2020-11-27T03:47:47.999749+00:00] log.DEBUG: SELECT `Per_Religion_id` AS `lf`, `Per_Religion_name` AS `df`, '' AS `df2`, '' AS `df3`, '' AS `df4` FROM `per_religion` [] []
[2020-11-27T03:48:40.577645+00:00] log.DEBUG: SELECT `Per_Id` AS `lf`, `Per_Id` AS `df`, `Per_ThaiName` AS `df2`, `Per_ThaiLastName` AS `df3`, '' AS `df4` FROM `01-personnel` [] []
[2020-11-27T04:04:40.457965+00:00] log.DEBUG: SELECT `Per_Type_id` AS `lf`, `Per_Type_name` AS `df`, '' AS `df2`, '' AS `df3`, '' AS `df4` FROM `per_type` [] []
[2020-11-27T04:04:40.625682+00:00] log.DEBUG: SELECT `Per_EmployeeType_id` AS `lf`, `Per_EmployeeType_name` AS `df`, '' AS `df2`, '' AS `df3`, '' AS `df4` FROM `per_employeetype` [] []
[2020-11-27T04:04:40.710786+00:00] log.DEBUG: SELECT `Per_Position_id` AS `lf`, `Per_Position_name` AS `df`, '' AS `df2`, '' AS `df3`, '' AS `df4` FROM `per_position` [] []
[2020-11-27T04:04:40.788323+00:00] log.DEBUG: SELECT `Per_Nationality_id` AS `lf`, `Per_Nationality_name` AS `df`, '' AS `df2`, '' AS `df3`, '' AS `df4` FROM `per_nationality` [] []
[2020-11-27T04:04:40.858261+00:00] log.DEBUG: SELECT `Per_Academic_id` AS `lf`, `Per_Academic_name` AS `df`, '' AS `df2`, '' AS `df3`, '' AS `df4` FROM `per_academic` [] []
[2020-11-27T04:04:40.942908+00:00] log.DEBUG: SELECT `Per_Administrative_id` AS `lf`, `Per_Administrative_name` AS `df`, '' AS `df2`, '' AS `df3`, '' AS `df4` FROM `per_administrative` [] []
[2020-11-27T04:04:41.037347+00:00] log.DEBUG: SELECT `Per_major_id` AS `lf`, `Per_major_name` AS `df`, '' AS `df2`, '' AS `df3`, '' AS `df4` FROM `per_major` [] []
[2020-11-27T04:04:41.120983+00:00] log.DEBUG: SELECT `Per_Religion_id` AS `lf`, `Per_Religion_name` AS `df`, '' AS `df2`, '' AS `df3`, '' AS `df4` FROM `per_religion` [] []
[2020-11-27T04:04:41.209981+00:00] log.DEBUG: SELECT `Per_WorkStatus_id` AS `lf`, `Per_WorkStatus_name` AS `df`, '' AS `df2`, '' AS `df3`, '' AS `df4` FROM `per_workstatus` [] []
[2020-11-27T04:07:06.249641+00:00] log.DEBUG: SELECT `Per_Type_id` AS `lf`, `Per_Type_name` AS `df`, '' AS `df2`, '' AS `df3`, '' AS `df4` FROM `per_type` [] []
[2020-11-27T04:07:06.338240+00:00] log.DEBUG: SELECT `Per_EmployeeType_id` AS `lf`, `Per_EmployeeType_name` AS `df`, '' AS `df2`, '' AS `df3`, '' AS `df4` FROM `per_employeetype` [] []
[2020-11-27T04:07:06.416207+00:00] log.DEBUG: SELECT `Per_Position_id` AS `lf`, `Per_Position_name` AS `df`, '' AS `df2`, '' AS `df3`, '' AS `df4` FROM `per_position` [] []
[2020-11-27T04:07:06.496842+00:00] log.DEBUG: SELECT `Per_Academic_id` AS `lf`, `Per_Academic_name` AS `df`, '' AS `df2`, '' AS `df3`, '' AS `df4` FROM `per_academic` [] []
[2020-11-27T04:07:06.564492+00:00] log.DEBUG: SELECT `Per_major_id` AS `lf`, `Per_major_name` AS `df`, '' AS `df2`, '' AS `df3`, '' AS `df4` FROM `per_major` [] []
[2020-11-27T04:07:06.635682+00:00] log.DEBUG: SELECT `Per_Administrative_id` AS `lf`, `Per_Administrative_name` AS `df`, '' AS `df2`, '' AS `df3`, '' AS `df4` FROM `per_administrative` [] []
[2020-11-27T04:07:06.775206+00:00] log.DEBUG: SELECT `Per_Nationality_id` AS `lf`, `Per_Nationality_name` AS `df`, '' AS `df2`, '' AS `df3`, '' AS `df4` FROM `per_nationality` [] []
[2020-11-27T04:07:06.968478+00:00] log.DEBUG: SELECT `Per_Religion_id` AS `lf`, `Per_Religion_name` AS `df`, '' AS `df2`, '' AS `df3`, '' AS `df4` FROM `per_religion` [] []
[2020-11-27T04:07:07.058252+00:00] log.DEBUG: SELECT `Per_WorkStatus_id` AS `lf`, `Per_WorkStatus_name` AS `df`, '' AS `df2`, '' AS `df3`, '' AS `df4` FROM `per_workstatus` [] []
[2020-11-27T04:08:55.391387+00:00] log.DEBUG: SELECT `Per_Type_id` AS `lf`, `Per_Type_name` AS `df`, '' AS `df2`, '' AS `df3`, '' AS `df4` FROM `per_type` [] []
[2020-11-27T04:08:55.548000+00:00] log.DEBUG: SELECT `Per_EmployeeType_id` AS `lf`, `Per_EmployeeType_name` AS `df`, '' AS `df2`, '' AS `df3`, '' AS `df4` FROM `per_employeetype` [] []
[2020-11-27T04:08:55.736735+00:00] log.DEBUG: SELECT `Per_Position_id` AS `lf`, `Per_Position_name` AS `df`, '' AS `df2`, '' AS `df3`, '' AS `df4` FROM `per_position` [] []
[2020-11-27T04:08:55.833508+00:00] log.DEBUG: SELECT `Per_major_id` AS `lf`, `Per_major_name` AS `df`, '' AS `df2`, '' AS `df3`, '' AS `df4` FROM `per_major` [] []
[2020-11-27T04:08:55.915784+00:00] log.DEBUG: SELECT `Per_Administrative_id` AS `lf`, `Per_Administrative_name` AS `df`, '' AS `df2`, '' AS `df3`, '' AS `df4` FROM `per_administrative` [] []
[2020-11-27T04:08:55.976558+00:00] log.DEBUG: SELECT `Per_Academic_id` AS `lf`, `Per_Academic_name` AS `df`, '' AS `df2`, '' AS `df3`, '' AS `df4` FROM `per_academic` [] []
[2020-11-27T04:08:56.050469+00:00] log.DEBUG: SELECT `Per_Nationality_id` AS `lf`, `Per_Nationality_name` AS `df`, '' AS `df2`, '' AS `df3`, '' AS `df4` FROM `per_nationality` [] []
[2020-11-27T04:08:56.125730+00:00] log.DEBUG: SELECT `Per_Religion_id` AS `lf`, `Per_Religion_name` AS `df`, '' AS `df2`, '' AS `df3`, '' AS `df4` FROM `per_religion` [] []
[2020-11-27T04:08:56.182686+00:00] log.DEBUG: SELECT `Per_WorkStatus_id` AS `lf`, `Per_WorkStatus_name` AS `df`, '' AS `df2`, '' AS `df3`, '' AS `df4` FROM `per_workstatus` [] []
[2020-11-27T04:09:06.219700+00:00] log.DEBUG: SELECT `Per_Id` AS `lf`, `Per_Id` AS `df`, `Per_ThaiName` AS `df2`, `Per_ThaiLastName` AS `df3`, '' AS `df4` FROM `01-personnel` [] []
[2020-11-27T04:09:06.295975+00:00] log.DEBUG: SELECT `Grad_Admission_id` AS `lf`, `Grad_Admission_name` AS `df`, '' AS `df2`, '' AS `df3`, '' AS `df4` FROM `grad_admission` [] []
[2020-11-27T04:10:09.606548+00:00] log.DEBUG: SELECT `Per_Id` AS `lf`, `Per_Id` AS `df`, `Per_ThaiName` AS `df2`, `Per_ThaiLastName` AS `df3`, '' AS `df4` FROM `01-personnel` [] []
[2020-11-27T04:10:09.680255+00:00] log.DEBUG: SELECT `Grad_Admission_id` AS `lf`, `Grad_Admission_name` AS `df`, '' AS `df2`, '' AS `df3`, '' AS `df4` FROM `grad_admission` [] []
[2020-11-27T04:11:40.525611+00:00] log.DEBUG: SELECT `Per_Id` AS `lf`, `Per_Id` AS `df`, `Per_ThaiName` AS `df2`, `Per_ThaiLastName` AS `df3`, '' AS `df4` FROM `01-personnel` [] []
[2020-11-27T04:11:40.590517+00:00] log.DEBUG: SELECT `Grad_Admission_id` AS `lf`, `Grad_Admission_name` AS `df`, '' AS `df2`, '' AS `df3`, '' AS `df4` FROM `grad_admission` [] []
[2020-11-27T04:12:44.057354+00:00] log.DEBUG: SELECT `Per_Id` AS `lf`, `Per_Id` AS `df`, `Per_ThaiName` AS `df2`, `Per_ThaiLastName` AS `df3`, '' AS `df4` FROM `01-personnel` [] []
[2020-11-27T04:12:44.160366+00:00] log.DEBUG: SELECT `Grad_Admission_id` AS `lf`, `Grad_Admission_name` AS `df`, '' AS `df2`, '' AS `df3`, '' AS `df4` FROM `grad_admission` [] []
[2020-11-27T04:17:48.230506+00:00] log.DEBUG: SELECT `Per_Type_id` AS `lf`, `Per_Type_name` AS `df`, '' AS `df2`, '' AS `df3`, '' AS `df4` FROM `per_type` [] []
[2020-11-27T04:17:48.310086+00:00] log.DEBUG: SELECT `Per_EmployeeType_id` AS `lf`, `Per_EmployeeType_name` AS `df`, '' AS `df2`, '' AS `df3`, '' AS `df4` FROM `per_employeetype` [] []
[2020-11-27T04:17:48.402413+00:00] log.DEBUG: SELECT `Per_major_id` AS `lf`, `Per_major_name` AS `df`, '' AS `df2`, '' AS `df3`, '' AS `df4` FROM `per_major` [] []
[2020-11-27T04:17:48.493193+00:00] log.DEBUG: SELECT `Per_Administrative_id` AS `lf`, `Per_Administrative_name` AS `df`, '' AS `df2`, '' AS `df3`, '' AS `df4` FROM `per_administrative` [] []
[2020-11-27T04:17:48.590399+00:00] log.DEBUG: SELECT `Per_Position_id` AS `lf`, `Per_Position_name` AS `df`, '' AS `df2`, '' AS `df3`, '' AS `df4` FROM `per_position` [] []
[2020-11-27T04:17:48.691211+00:00] log.DEBUG: SELECT `Per_Academic_id` AS `lf`, `Per_Academic_name` AS `df`, '' AS `df2`, '' AS `df3`, '' AS `df4` FROM `per_academic` [] []
[2020-11-27T04:17:48.759868+00:00] log.DEBUG: SELECT `Per_Nationality_id` AS `lf`, `Per_Nationality_name` AS `df`, '' AS `df2`, '' AS `df3`, '' AS `df4` FROM `per_nationality` [] []
[2020-11-27T04:17:48.830198+00:00] log.DEBUG: SELECT `Per_Religion_id` AS `lf`, `Per_Religion_name` AS `df`, '' AS `df2`, '' AS `df3`, '' AS `df4` FROM `per_religion` [] []
[2020-11-27T04:17:48.899894+00:00] log.DEBUG: SELECT `Per_WorkStatus_id` AS `lf`, `Per_WorkStatus_name` AS `df`, '' AS `df2`, '' AS `df3`, '' AS `df4` FROM `per_workstatus` [] []
[2020-11-27T04:18:30.588766+00:00] log.DEBUG: SELECT `Per_Type_id` AS `lf`, `Per_Type_name` AS `df`, '' AS `df2`, '' AS `df3`, '' AS `df4` FROM `per_type` [] []
[2020-11-27T04:18:30.673052+00:00] log.DEBUG: SELECT `Per_Academic_id` AS `lf`, `Per_Academic_name` AS `df`, '' AS `df2`, '' AS `df3`, '' AS `df4` FROM `per_academic` [] []
[2020-11-27T04:18:30.756410+00:00] log.DEBUG: SELECT `Per_EmployeeType_id` AS `lf`, `Per_EmployeeType_name` AS `df`, '' AS `df2`, '' AS `df3`, '' AS `df4` FROM `per_employeetype` [] []
[2020-11-27T04:18:30.845910+00:00] log.DEBUG: SELECT `Per_Position_id` AS `lf`, `Per_Position_name` AS `df`, '' AS `df2`, '' AS `df3`, '' AS `df4` FROM `per_position` [] []
[2020-11-27T04:18:30.941093+00:00] log.DEBUG: SELECT `Per_Administrative_id` AS `lf`, `Per_Administrative_name` AS `df`, '' AS `df2`, '' AS `df3`, '' AS `df4` FROM `per_administrative` [] []
[2020-11-27T04:18:31.016677+00:00] log.DEBUG: SELECT `Per_major_id` AS `lf`, `Per_major_name` AS `df`, '' AS `df2`, '' AS `df3`, '' AS `df4` FROM `per_major` [] []
[2020-11-27T04:18:31.091736+00:00] log.DEBUG: SELECT `Per_Nationality_id` AS `lf`, `Per_Nationality_name` AS `df`, '' AS `df2`, '' AS `df3`, '' AS `df4` FROM `per_nationality` [] []
[2020-11-27T04:18:31.150216+00:00] log.DEBUG: SELECT `Per_Religion_id` AS `lf`, `Per_Religion_name` AS `df`, '' AS `df2`, '' AS `df3`, '' AS `df4` FROM `per_religion` [] []
[2020-11-27T04:18:31.209000+00:00] log.DEBUG: SELECT `Per_WorkStatus_id` AS `lf`, `Per_WorkStatus_name` AS `df`, '' AS `df2`, '' AS `df3`, '' AS `df4` FROM `per_workstatus` [] []
